#
# A fatal error has been detected by the Java Runtime Environment:
#
#  EXCEPTION_ACCESS_VIOLATION (0xc0000005) at pc=0x000000006b24e078, pid=12112, tid=6448
#
# JRE version: Java(TM) SE Runtime Environment (8.0_65-b17) (build 1.8.0_65-b17)
# Java VM: Java HotSpot(TM) 64-Bit Server VM (25.65-b01 mixed mode windows-amd64 compressed oops)
# Problematic frame:
# C  [jfxwebkit.dll+0x7ae078]
#
# Failed to write core dump. Minidumps are not enabled by default on client versions of Windows
#
# If you would like to submit a bug report, please visit:
#   http://bugreport.java.com/bugreport/crash.jsp
# The crash happened outside the Java Virtual Machine in native code.
# See problematic frame for where to report the bug.
#

---------------  T H R E A D  ---------------

Current thread (0x000000001ebbc000):  JavaThread "JavaFX Application Thread" [_thread_in_native, id=6448, stack(0x000000001f740000,0x000000001f840000)]

siginfo: ExceptionCode=0xc0000005, reading address 0x0000000000000068

Registers:
RAX=0x0000000000000000, RBX=0x0000000028d3fac0, RCX=0x000000006b24e069, RDX=0x000000001f83d980
RSP=0x000000001f83d7c0, RBP=0x0000000000000001, RSI=0x0000000000000000, RDI=0x000000001f83d980
R8 =0x0000000000000000, R9 =0x0000000027f86168, R10=0x0000000000000000, R11=0x000000006bc26b92
R12=0x000000001f83dab0, R13=0x0000000024e96488, R14=0x0000000027f86168, R15=0x000000006aaa0000
RIP=0x000000006b24e078, EFLAGS=0x0000000000010246

Top of Stack: (sp=0x000000001f83d7c0)
0x000000001f83d7c0:   000000001f83d980 000000001f83da00
0x000000001f83d7d0:   000000001f83dab0 000000006b35b168
0x000000001f83d7e0:   fffffffffffffffe 000000006bc26b80
0x000000001f83d7f0:   0000000028ceae70 0000000027f85e30
0x000000001f83d800:   0000000028d3fac0 000000006b27ed2b
0x000000001f83d810:   0000000000000002 0000000027f85e30
0x000000001f83d820:   000000001f83d980 0000000000000001
0x000000001f83d830:   0000000028764e00 000000006b61545c
0x000000001f83d840:   fffffffffffffffe 0000000028ceae70
0x000000001f83d850:   0000000527f85e33 0000000800000008
0x000000001f83d860:   0000001a00000008 000000240000001a
0x000000001f83d870:   000000b600000024 00000000000000b6
0x000000001f83d880:   000000001ebbc000 000000001f83daa8
0x000000001f83d890:   0000000000000000 000000001f83dab0
0x000000001f83d8a0:   000000001f83d980 000000006b27a0f1
0x000000001f83d8b0:   0000000027f85e30 0000000027f85e30 

Instructions: (pc=0x000000006b24e078)
0x000000006b24e058:   8b d7 48 8b 48 68 e8 8d cd 04 00 84 c0 75 40 eb
0x000000006b24e068:   50 40 84 f6 75 39 48 8b 43 38 45 33 c0 48 8b d7
0x000000006b24e078:   48 8b 48 68 e8 6f bf 04 00 84 c0 75 22 eb 32 40
0x000000006b24e088:   84 f6 75 1b 48 8b 43 38 45 33 c0 48 8b d7 48 8b 


Register to memory mapping:

RAX=0x0000000000000000 is an unknown value
RBX=0x0000000028d3fac0 is an unknown value
RCX=0x000000006b24e069 is an unknown value
RDX=0x000000001f83d980 is pointing into the stack for thread: 0x000000001ebbc000
RSP=0x000000001f83d7c0 is pointing into the stack for thread: 0x000000001ebbc000
RBP=0x0000000000000001 is an unknown value
RSI=0x0000000000000000 is an unknown value
RDI=0x000000001f83d980 is pointing into the stack for thread: 0x000000001ebbc000
R8 =0x0000000000000000 is an unknown value
R9 =0x0000000027f86168 is an unknown value
R10=0x0000000000000000 is an unknown value
R11=0x000000006bc26b92 is an unknown value
R12=0x000000001f83dab0 is pointing into the stack for thread: 0x000000001ebbc000
R13={method} {0x0000000024e96490} 'twkWillSendRequest' '(Ljava/lang/String;Ljava/lang/String;ILjava/lang/String;Ljava/lang/String;JLjava/lang/String;Ljava/lang/String;J)Z' in 'com/sun/webkit/network/URLLoader'
R14=0x0000000027f86168 is an unknown value
R15=0x000000006aaa0000 is an unknown value


Stack: [0x000000001f740000,0x000000001f840000],  sp=0x000000001f83d7c0,  free space=1013k
Native frames: (J=compiled Java code, j=interpreted, Vv=VM code, C=native code)
C  [jfxwebkit.dll+0x7ae078]
C  [jfxwebkit.dll+0x7ded2b]
C  [jfxwebkit.dll+0x7da0f1]
C  [jfxwebkit.dll+0x8c04d7]
C  [jfxwebkit.dll+0x8c0a1b]
C  0x0000000002405e34

Java frames: (J=compiled Java code, j=interpreted, Vv=VM code)
j  com.sun.webkit.network.URLLoader.twkWillSendRequest(Ljava/lang/String;Ljava/lang/String;ILjava/lang/String;Ljava/lang/String;JLjava/lang/String;Ljava/lang/String;J)Z+0
j  com.sun.webkit.network.URLLoader.notifyWillSendRequest(Ljava/lang/String;Ljava/lang/String;ILjava/lang/String;Ljava/lang/String;JLjava/lang/String;Ljava/lang/String;)Z+107
j  com.sun.webkit.network.URLLoader.lambda$willSendRequest$93(Ljava/lang/String;Ljava/lang/String;ILjava/lang/String;Ljava/lang/String;JLjava/lang/String;Ljava/lang/String;Ljava/util/concurrent/CountDownLatch;)V+21
j  com.sun.webkit.network.URLLoader$$Lambda$237.run()V+40
j  com.sun.javafx.application.PlatformImpl.lambda$null$174(Ljava/lang/Runnable;)Ljava/lang/Void;+1
j  com.sun.javafx.application.PlatformImpl$$Lambda$50.run()Ljava/lang/Object;+4
v  ~StubRoutines::call_stub
J 1446  java.security.AccessController.doPrivileged(Ljava/security/PrivilegedAction;Ljava/security/AccessControlContext;)Ljava/lang/Object; (0 bytes) @ 0x00000000028dc966 [0x00000000028dc900+0x66]
j  com.sun.javafx.application.PlatformImpl.lambda$runLater$175(Ljava/lang/Runnable;Ljava/security/AccessControlContext;)V+7
J 3085 C1 com.sun.javafx.application.PlatformImpl$$Lambda$49.run()V (12 bytes) @ 0x0000000002be404c [0x0000000002be3fc0+0x8c]
J 1561 C1 com.sun.glass.ui.InvokeLaterDispatcher$Future.run()V (91 bytes) @ 0x0000000002908ed4 [0x0000000002908dc0+0x114]
v  ~StubRoutines::call_stub
j  com.sun.glass.ui.win.WinApplication._runLoop(Ljava/lang/Runnable;)V+0
j  com.sun.glass.ui.win.WinApplication.lambda$null$149(ILjava/lang/Runnable;)V+8
j  com.sun.glass.ui.win.WinApplication$$Lambda$38.run()V+12
j  java.lang.Thread.run()V+11
v  ~StubRoutines::call_stub

---------------  P R O C E S S  ---------------

Java Threads: ( => current thread )
  0x000000002676c000 JavaThread "URL-Loader-27" daemon [_thread_blocked, id=6576, stack(0x0000000034a90000,0x0000000034b90000)]
  0x0000000026767800 JavaThread "Keep-Alive-Timer" daemon [_thread_blocked, id=6540, stack(0x0000000034690000,0x0000000034790000)]
  0x000000002676b800 JavaThread "URL-Loader-26" daemon [_thread_in_native, id=5256, stack(0x0000000034590000,0x0000000034690000)]
  0x0000000026770800 JavaThread "URL-Loader-25" daemon [_thread_blocked, id=2844, stack(0x0000000034490000,0x0000000034590000)]
  0x0000000026764800 JavaThread "URL-Loader-24" daemon [_thread_blocked, id=10472, stack(0x0000000034390000,0x0000000034490000)]
  0x0000000026768800 JavaThread "URL-Loader-23" daemon [_thread_blocked, id=4076, stack(0x0000000034290000,0x0000000034390000)]
  0x0000000026765800 JavaThread "Prism Font Disposer" daemon [_thread_blocked, id=12168, stack(0x000000002b2a0000,0x000000002b3a0000)]
  0x00000000269ac800 JavaThread "Thread-5" daemon [_thread_in_native, id=3476, stack(0x00000000282e0000,0x00000000283e0000)]
  0x000000001f08e000 JavaThread "Watchdog-Timer-1" daemon [_thread_blocked, id=10996, stack(0x0000000026470000,0x0000000026570000)]
  0x000000001ed4f800 JavaThread "Disposer" daemon [_thread_blocked, id=11380, stack(0x0000000024d80000,0x0000000024e80000)]
  0x000000001ec76800 JavaThread "Abandoned connection cleanup thread" daemon [_thread_blocked, id=9820, stack(0x0000000023fe0000,0x00000000240e0000)]
  0x000000001ec56800 JavaThread "Thread-3" daemon [_thread_in_native, id=5068, stack(0x0000000023ce0000,0x0000000023de0000)]
  0x000000001ec5c000 JavaThread "JavaFX-Launcher" [_thread_blocked, id=11896, stack(0x0000000023de0000,0x0000000023ee0000)]
=>0x000000001ebbc000 JavaThread "JavaFX Application Thread" [_thread_in_native, id=6448, stack(0x000000001f740000,0x000000001f840000)]
  0x000000001ebaf000 JavaThread "Thread-1" daemon [_thread_blocked, id=11664, stack(0x000000001f640000,0x000000001f740000)]
  0x000000001eb86800 JavaThread "QuantumRenderer-0" daemon [_thread_blocked, id=10156, stack(0x000000001f340000,0x000000001f440000)]
  0x000000001e00c800 JavaThread "Service Thread" daemon [_thread_blocked, id=10136, stack(0x000000001e940000,0x000000001ea40000)]
  0x000000001df7a800 JavaThread "C1 CompilerThread3" daemon [_thread_blocked, id=8196, stack(0x000000001e840000,0x000000001e940000)]
  0x000000001df6a800 JavaThread "C2 CompilerThread2" daemon [_thread_blocked, id=12160, stack(0x000000001e740000,0x000000001e840000)]
  0x000000001df75800 JavaThread "C2 CompilerThread1" daemon [_thread_blocked, id=11964, stack(0x000000001e640000,0x000000001e740000)]
  0x000000001df73000 JavaThread "C2 CompilerThread0" daemon [_thread_blocked, id=8392, stack(0x000000001e540000,0x000000001e640000)]
  0x000000001df71800 JavaThread "Attach Listener" daemon [_thread_blocked, id=11004, stack(0x000000001e440000,0x000000001e540000)]
  0x000000001df70800 JavaThread "Signal Dispatcher" daemon [_thread_blocked, id=12220, stack(0x000000001e340000,0x000000001e440000)]
  0x00000000022e9800 JavaThread "Finalizer" daemon [_thread_blocked, id=12196, stack(0x000000001dd30000,0x000000001de30000)]
  0x00000000022e2800 JavaThread "Reference Handler" daemon [_thread_blocked, id=9424, stack(0x000000001dc30000,0x000000001dd30000)]
  0x00000000021f0800 JavaThread "main" [_thread_blocked, id=3020, stack(0x0000000002080000,0x0000000002180000)]

Other Threads:
  0x000000001be49800 VMThread [stack: 0x000000001db30000,0x000000001dc30000] [id=11748]
  0x000000001e02a000 WatcherThread [stack: 0x000000001ea40000,0x000000001eb40000] [id=10428]

VM state:not at safepoint (normal execution)

VM Mutex/Monitor currently owned by a thread: None

Heap:
 PSYoungGen      total 130048K, used 22037K [0x000000076b180000, 0x000000077a080000, 0x00000007c0000000)
  eden space 119296K, 10% used [0x000000076b180000,0x000000076bd5e5d0,0x0000000772600000)
  from space 10752K, 91% used [0x0000000772600000,0x0000000772fa6e68,0x0000000773080000)
  to   space 12800K, 0% used [0x0000000779400000,0x0000000779400000,0x000000077a080000)
 ParOldGen       total 74240K, used 8468K [0x00000006c1400000, 0x00000006c5c80000, 0x000000076b180000)
  object space 74240K, 11% used [0x00000006c1400000,0x00000006c1c45110,0x00000006c5c80000)
 Metaspace       used 23867K, capacity 24737K, committed 24880K, reserved 1071104K
  class space    used 3018K, capacity 3268K, committed 3376K, reserved 1048576K

Card table byte_map: [0x00000000117b0000,0x0000000011fb0000] byte_map_base: 0x000000000e1a6000

Marking Bits: (ParMarkBitMap*) 0x000000006e36a5b0
 Begin Bits: [0x0000000012d00000, 0x0000000016cb0000)
 End Bits:   [0x0000000016cb0000, 0x000000001ac60000)

Polling page: 0x0000000002180000

CodeCache: size=245760Kb used=8179Kb max_used=8179Kb free=237580Kb
 bounds [0x00000000023f0000, 0x0000000002c00000, 0x00000000113f0000]
 total_blobs=3588 nmethods=2763 adapters=736
 compilation: enabled

Compilation events (10 events):
Event: 39.092 Thread 0x000000001df7a800 3123       3       com.sun.crypto.provider.AESCipher::engineGetKeySize (54 bytes)
Event: 39.093 Thread 0x000000001df7a800 nmethod 3123 0x0000000002bef310 code [0x0000000002bef520, 0x0000000002befd68]
Event: 39.093 Thread 0x000000001df7a800 3125       3       com.sun.crypto.provider.GHASH::putLong (37 bytes)
Event: 39.094 Thread 0x000000001df7a800 nmethod 3125 0x0000000002beee50 code [0x0000000002beefc0, 0x0000000002bef1d0]
Event: 39.094 Thread 0x000000001df7a800 3124       3       javax.crypto.CryptoPermission::impliesParameterSpec (158 bytes)
Event: 39.095 Thread 0x000000001df7a800 nmethod 3124 0x0000000002bf3c50 code [0x0000000002bf3ea0, 0x0000000002bf5128]
Event: 39.095 Thread 0x000000001df7a800 3126       3       com.sun.crypto.provider.GCTR::<init> (84 bytes)
Event: 39.097 Thread 0x000000001df7a800 nmethod 3126 0x0000000002bf54d0 code [0x0000000002bf56e0, 0x0000000002bf60e8]
Event: 39.097 Thread 0x000000001df7a800 3127       3       com.sun.crypto.provider.GHASH::reset (11 bytes)
Event: 39.097 Thread 0x000000001df7a800 nmethod 3127 0x0000000002bf6490 code [0x0000000002bf65e0, 0x0000000002bf6750]

GC Heap History (10 events):
Event: 6.684 GC heap before
{Heap before GC invocations=2 (full 1):
 PSYoungGen      total 76288K, used 8714K [0x000000076b180000, 0x0000000770680000, 0x00000007c0000000)
  eden space 65536K, 0% used [0x000000076b180000,0x000000076b180000,0x000000076f180000)
  from space 10752K, 81% used [0x000000076f180000,0x000000076fa02868,0x000000076fc00000)
  to   space 10752K, 0% used [0x000000076fc00000,0x000000076fc00000,0x0000000770680000)
 ParOldGen       total 175104K, used 24K [0x00000006c1400000, 0x00000006cbf00000, 0x000000076b180000)
  object space 175104K, 0% used [0x00000006c1400000,0x00000006c1406000,0x00000006cbf00000)
 Metaspace       used 20542K, capacity 21251K, committed 21296K, reserved 1067008K
  class space    used 2600K, capacity 2819K, committed 2864K, reserved 1048576K
Event: 6.720 GC heap after
Heap after GC invocations=2 (full 1):
 PSYoungGen      total 76288K, used 0K [0x000000076b180000, 0x0000000770680000, 0x00000007c0000000)
  eden space 65536K, 0% used [0x000000076b180000,0x000000076b180000,0x000000076f180000)
  from space 10752K, 0% used [0x000000076f180000,0x000000076f180000,0x000000076fc00000)
  to   space 10752K, 0% used [0x000000076fc00000,0x000000076fc00000,0x0000000770680000)
 ParOldGen       total 74240K, used 8436K [0x00000006c1400000, 0x00000006c5c80000, 0x000000076b180000)
  object space 74240K, 11% used [0x00000006c1400000,0x00000006c1c3d110,0x00000006c5c80000)
 Metaspace       used 20542K, capacity 21251K, committed 21296K, reserved 1067008K
  class space    used 2600K, capacity 2819K, committed 2864K, reserved 1048576K
}
Event: 7.168 GC heap before
{Heap before GC invocations=3 (full 1):
 PSYoungGen      total 76288K, used 65484K [0x000000076b180000, 0x0000000770680000, 0x00000007c0000000)
  eden space 65536K, 99% used [0x000000076b180000,0x000000076f1730a0,0x000000076f180000)
  from space 10752K, 0% used [0x000000076f180000,0x000000076f180000,0x000000076fc00000)
  to   space 10752K, 0% used [0x000000076fc00000,0x000000076fc00000,0x0000000770680000)
 ParOldGen       total 74240K, used 8436K [0x00000006c1400000, 0x00000006c5c80000, 0x000000076b180000)
  object space 74240K, 11% used [0x00000006c1400000,0x00000006c1c3d110,0x00000006c5c80000)
 Metaspace       used 20800K, capacity 21483K, committed 21552K, reserved 1069056K
  class space    used 2629K, capacity 2827K, committed 2864K, reserved 1048576K
Event: 7.171 GC heap after
Heap after GC invocations=3 (full 1):
 PSYoungGen      total 76288K, used 692K [0x000000076b180000, 0x0000000770680000, 0x00000007c0000000)
  eden space 65536K, 0% used [0x000000076b180000,0x000000076b180000,0x000000076f180000)
  from space 10752K, 6% used [0x000000076fc00000,0x000000076fcad378,0x0000000770680000)
  to   space 10752K, 0% used [0x000000076f180000,0x000000076f180000,0x000000076fc00000)
 ParOldGen       total 74240K, used 8444K [0x00000006c1400000, 0x00000006c5c80000, 0x000000076b180000)
  object space 74240K, 11% used [0x00000006c1400000,0x00000006c1c3f110,0x00000006c5c80000)
 Metaspace       used 20800K, capacity 21483K, committed 21552K, reserved 1069056K
  class space    used 2629K, capacity 2827K, committed 2864K, reserved 1048576K
}
Event: 7.183 GC heap before
{Heap before GC invocations=4 (full 1):
 PSYoungGen      total 76288K, used 66190K [0x000000076b180000, 0x0000000770680000, 0x00000007c0000000)
  eden space 65536K, 99% used [0x000000076b180000,0x000000076f176680,0x000000076f180000)
  from space 10752K, 6% used [0x000000076fc00000,0x000000076fcad378,0x0000000770680000)
  to   space 10752K, 0% used [0x000000076f180000,0x000000076f180000,0x000000076fc00000)
 ParOldGen       total 74240K, used 8444K [0x00000006c1400000, 0x00000006c5c80000, 0x000000076b180000)
  object space 74240K, 11% used [0x00000006c1400000,0x00000006c1c3f110,0x00000006c5c80000)
 Metaspace       used 20800K, capacity 21483K, committed 21552K, reserved 1069056K
  class space    used 2629K, capacity 2827K, committed 2864K, reserved 1048576K
Event: 7.184 GC heap after
Heap after GC invocations=4 (full 1):
 PSYoungGen      total 76288K, used 637K [0x000000076b180000, 0x0000000773b00000, 0x00000007c0000000)
  eden space 65536K, 0% used [0x000000076b180000,0x000000076b180000,0x000000076f180000)
  from space 10752K, 5% used [0x000000076f180000,0x000000076f21f698,0x000000076fc00000)
  to   space 10752K, 0% used [0x0000000773080000,0x0000000773080000,0x0000000773b00000)
 ParOldGen       total 74240K, used 8452K [0x00000006c1400000, 0x00000006c5c80000, 0x000000076b180000)
  object space 74240K, 11% used [0x00000006c1400000,0x00000006c1c41110,0x00000006c5c80000)
 Metaspace       used 20800K, capacity 21483K, committed 21552K, reserved 1069056K
  class space    used 2629K, capacity 2827K, committed 2864K, reserved 1048576K
}
Event: 7.194 GC heap before
{Heap before GC invocations=5 (full 1):
 PSYoungGen      total 76288K, used 66147K [0x000000076b180000, 0x0000000773b00000, 0x00000007c0000000)
  eden space 65536K, 99% used [0x000000076b180000,0x000000076f179708,0x000000076f180000)
  from space 10752K, 5% used [0x000000076f180000,0x000000076f21f698,0x000000076fc00000)
  to   space 10752K, 0% used [0x0000000773080000,0x0000000773080000,0x0000000773b00000)
 ParOldGen       total 74240K, used 8452K [0x00000006c1400000, 0x00000006c5c80000, 0x000000076b180000)
  object space 74240K, 11% used [0x00000006c1400000,0x00000006c1c41110,0x00000006c5c80000)
 Metaspace       used 20800K, capacity 21483K, committed 21552K, reserved 1069056K
  class space    used 2629K, capacity 2827K, committed 2864K, reserved 1048576K
Event: 7.195 GC heap after
Heap after GC invocations=5 (full 1):
 PSYoungGen      total 130048K, used 863K [0x000000076b180000, 0x0000000773e80000, 0x00000007c0000000)
  eden space 119296K, 0% used [0x000000076b180000,0x000000076b180000,0x0000000772600000)
  from space 10752K, 8% used [0x0000000773080000,0x0000000773157d80,0x0000000773b00000)
  to   space 10752K, 0% used [0x0000000772600000,0x0000000772600000,0x0000000773080000)
 ParOldGen       total 74240K, used 8460K [0x00000006c1400000, 0x00000006c5c80000, 0x000000076b180000)
  object space 74240K, 11% used [0x00000006c1400000,0x00000006c1c43110,0x00000006c5c80000)
 Metaspace       used 20800K, capacity 21483K, committed 21552K, reserved 1069056K
  class space    used 2629K, capacity 2827K, committed 2864K, reserved 1048576K
}
Event: 24.011 GC heap before
{Heap before GC invocations=6 (full 1):
 PSYoungGen      total 130048K, used 120159K [0x000000076b180000, 0x0000000773e80000, 0x00000007c0000000)
  eden space 119296K, 100% used [0x000000076b180000,0x0000000772600000,0x0000000772600000)
  from space 10752K, 8% used [0x0000000773080000,0x0000000773157d80,0x0000000773b00000)
  to   space 10752K, 0% used [0x0000000772600000,0x0000000772600000,0x0000000773080000)
 ParOldGen       total 74240K, used 8460K [0x00000006c1400000, 0x00000006c5c80000, 0x000000076b180000)
  object space 74240K, 11% used [0x00000006c1400000,0x00000006c1c43110,0x00000006c5c80000)
 Metaspace       used 23394K, capacity 24253K, committed 24496K, reserved 1071104K
  class space    used 2972K, capacity 3216K, committed 3248K, reserved 1048576K
Event: 24.024 GC heap after
Heap after GC invocations=6 (full 1):
 PSYoungGen      total 130048K, used 9883K [0x000000076b180000, 0x000000077a080000, 0x00000007c0000000)
  eden space 119296K, 0% used [0x000000076b180000,0x000000076b180000,0x0000000772600000)
  from space 10752K, 91% used [0x0000000772600000,0x0000000772fa6e68,0x0000000773080000)
  to   space 12800K, 0% used [0x0000000779400000,0x0000000779400000,0x000000077a080000)
 ParOldGen       total 74240K, used 8468K [0x00000006c1400000, 0x00000006c5c80000, 0x000000076b180000)
  object space 74240K, 11% used [0x00000006c1400000,0x00000006c1c45110,0x00000006c5c80000)
 Metaspace       used 23394K, capacity 24253K, committed 24496K, reserved 1071104K
  class space    used 2972K, capacity 3216K, committed 3248K, reserved 1048576K
}

Deoptimization events (10 events):
Event: 8.358 Thread 0x000000001ebbc000 Uncommon trap: reason=unstable_if action=reinterpret pc=0x0000000002a7e378 method=com.sun.javafx.font.LogicalFont.getLinkedFonts()V @ 4
Event: 9.021 Thread 0x000000001ebbc000 Uncommon trap: reason=bimorphic action=maybe_recompile pc=0x0000000002569fa0 method=java.util.regex.Pattern$Curly.match0(Ljava/util/regex/Matcher;IILjava/lang/CharSequence;)Z @ 141
Event: 9.021 Thread 0x000000001ebbc000 Uncommon trap: reason=unstable_if action=reinterpret pc=0x0000000002a3be7c method=java.util.regex.Pattern$Branch.match(Ljava/util/regex/Matcher;ILjava/lang/CharSequence;)Z @ 19
Event: 9.021 Thread 0x000000001ebbc000 Uncommon trap: reason=bimorphic action=maybe_recompile pc=0x0000000002569f74 method=java.util.regex.Pattern$Curly.match0(Ljava/util/regex/Matcher;IILjava/lang/CharSequence;)Z @ 77
Event: 9.021 Thread 0x000000001ebbc000 Uncommon trap: reason=class_check action=maybe_recompile pc=0x0000000002569e04 method=java.util.regex.Pattern$Curly.match0(Ljava/util/regex/Matcher;IILjava/lang/CharSequence;)Z @ 170
Event: 24.833 Thread 0x000000001ebbc000 Uncommon trap: reason=bimorphic action=maybe_recompile pc=0x0000000002569fa0 method=java.util.regex.Pattern$Curly.match0(Ljava/util/regex/Matcher;IILjava/lang/CharSequence;)Z @ 141
Event: 24.833 Thread 0x000000001ebbc000 Uncommon trap: reason=bimorphic action=maybe_recompile pc=0x0000000002569f74 method=java.util.regex.Pattern$Curly.match0(Ljava/util/regex/Matcher;IILjava/lang/CharSequence;)Z @ 77
Event: 29.090 Thread 0x000000001ebbc000 Uncommon trap: reason=class_check action=maybe_recompile pc=0x0000000002a13424 method=java.util.regex.Pattern$Start.<init>(Ljava/util/regex/Pattern$Node;)V @ 22
Event: 29.091 Thread 0x000000001ebbc000 Uncommon trap: reason=class_check action=maybe_recompile pc=0x00000000029e83f4 method=java.util.regex.Pattern$Node.study(Ljava/util/regex/Pattern$TreeInfo;)Z @ 12
Event: 29.091 Thread 0x000000001ebbc000 Uncommon trap: reason=class_check action=maybe_recompile pc=0x00000000029e83f4 method=java.util.regex.Pattern$Node.study(Ljava/util/regex/Pattern$TreeInfo;)Z @ 12

Internal exceptions (10 events):
Event: 8.287 Thread 0x000000001ebbc000 Exception <a 'java/io/FileNotFoundException'> (0x0000000770b79de8) thrown at [C:\workspace\8-2-build-windows-amd64-cygwin\jdk8u65\4987\hotspot\src\share\vm\prims\jni.cpp, line 709]
Event: 8.287 Thread 0x000000001ebbc000 Exception <a 'java/io/FileNotFoundException'> (0x0000000770b7ac68) thrown at [C:\workspace\8-2-build-windows-amd64-cygwin\jdk8u65\4987\hotspot\src\share\vm\prims\jni.cpp, line 709]
Event: 8.287 Thread 0x000000001ebbc000 Exception <a 'java/io/FileNotFoundException'> (0x0000000770b801e8) thrown at [C:\workspace\8-2-build-windows-amd64-cygwin\jdk8u65\4987\hotspot\src\share\vm\prims\jni.cpp, line 709]
Event: 8.287 Thread 0x000000001ebbc000 Exception <a 'java/io/FileNotFoundException'> (0x0000000770b81048) thrown at [C:\workspace\8-2-build-windows-amd64-cygwin\jdk8u65\4987\hotspot\src\share\vm\prims\jni.cpp, line 709]
Event: 8.304 Thread 0x000000001ebbc000 Exception <a 'java/io/FileNotFoundException'> (0x0000000770cd9e80) thrown at [C:\workspace\8-2-build-windows-amd64-cygwin\jdk8u65\4987\hotspot\src\share\vm\prims\jni.cpp, line 709]
Event: 8.305 Thread 0x000000001ebbc000 Exception <a 'java/io/FileNotFoundException'> (0x0000000770cdad20) thrown at [C:\workspace\8-2-build-windows-amd64-cygwin\jdk8u65\4987\hotspot\src\share\vm\prims\jni.cpp, line 709]
Event: 8.305 Thread 0x000000001ebbc000 Exception <a 'java/io/FileNotFoundException'> (0x0000000770cdbbf8) thrown at [C:\workspace\8-2-build-windows-amd64-cygwin\jdk8u65\4987\hotspot\src\share\vm\prims\jni.cpp, line 709]
Event: 8.305 Thread 0x000000001ebbc000 Exception <a 'java/io/FileNotFoundException'> (0x0000000770cdca78) thrown at [C:\workspace\8-2-build-windows-amd64-cygwin\jdk8u65\4987\hotspot\src\share\vm\prims\jni.cpp, line 709]
Event: 8.306 Thread 0x000000001ebbc000 Exception <a 'java/io/FileNotFoundException'> (0x0000000770d1b240) thrown at [C:\workspace\8-2-build-windows-amd64-cygwin\jdk8u65\4987\hotspot\src\share\vm\prims\jni.cpp, line 709]
Event: 8.306 Thread 0x000000001ebbc000 Exception <a 'java/io/FileNotFoundException'> (0x0000000770d1c0a0) thrown at [C:\workspace\8-2-build-windows-amd64-cygwin\jdk8u65\4987\hotspot\src\share\vm\prims\jni.cpp, line 709]

Events (10 events):
Event: 38.483 Executing VM operation: RevokeBias
Event: 38.483 Executing VM operation: RevokeBias done
Event: 38.483 Thread 0x000000002676d000 Thread exited: 0x000000002676d000
Event: 38.492 Thread 0x000000002676a000 Thread added: 0x000000002676a000
Event: 38.493 Executing VM operation: RevokeBias
Event: 38.493 Executing VM operation: RevokeBias done
Event: 38.493 Thread 0x000000002676a000 Thread exited: 0x000000002676a000
Event: 38.848 Thread 0x000000002676c000 Thread added: 0x000000002676c000
Event: 38.849 Executing VM operation: RevokeBias
Event: 38.849 Executing VM operation: RevokeBias done


Dynamic libraries:
0x00007ff7e5550000 - 0x00007ff7e5587000 	C:\Program Files\Java\jdk1.8.0_65\jre\bin\java.exe
0x00007ffe3c710000 - 0x00007ffe3c8d1000 	C:\WINDOWS\SYSTEM32\ntdll.dll
0x00007ffe3a2a0000 - 0x00007ffe3a34d000 	C:\WINDOWS\system32\KERNEL32.DLL
0x00007ffe39870000 - 0x00007ffe39a58000 	C:\WINDOWS\system32\KERNELBASE.dll
0x00007ffe39fa0000 - 0x00007ffe3a047000 	C:\WINDOWS\system32\ADVAPI32.dll
0x00007ffe3bc80000 - 0x00007ffe3bd1d000 	C:\WINDOWS\system32\msvcrt.dll
0x00007ffe39cc0000 - 0x00007ffe39d1b000 	C:\WINDOWS\system32\sechost.dll
0x00007ffe3a380000 - 0x00007ffe3a49c000 	C:\WINDOWS\system32\RPCRT4.dll
0x00007ffe3c550000 - 0x00007ffe3c6a6000 	C:\WINDOWS\system32\USER32.dll
0x00007ffe3bf20000 - 0x00007ffe3c0a6000 	C:\WINDOWS\system32\GDI32.dll
0x00007ffe35140000 - 0x00007ffe353b4000 	C:\WINDOWS\WinSxS\amd64_microsoft.windows.common-controls_6595b64144ccf1df_6.0.10586.0_none_8c15ae12515e1c22\COMCTL32.dll
0x00007ffe39d20000 - 0x00007ffe39f9d000 	C:\WINDOWS\system32\combase.dll
0x00007ffe38dc0000 - 0x00007ffe38e2a000 	C:\WINDOWS\system32\bcryptPrimitives.dll
0x00007ffe3bed0000 - 0x00007ffe3bf0b000 	C:\WINDOWS\system32\IMM32.DLL
0x000000006da80000 - 0x000000006db52000 	C:\Program Files\Java\jdk1.8.0_65\jre\bin\msvcr100.dll
0x000000006db60000 - 0x000000006e3e9000 	C:\Program Files\Java\jdk1.8.0_65\jre\bin\server\jvm.dll
0x00007ffe3a290000 - 0x00007ffe3a298000 	C:\WINDOWS\system32\PSAPI.DLL
0x00007ffe36df0000 - 0x00007ffe36df9000 	C:\WINDOWS\SYSTEM32\WSOCK32.dll
0x00007ffe36a40000 - 0x00007ffe36a63000 	C:\WINDOWS\SYSTEM32\WINMM.dll
0x00007ffe35470000 - 0x00007ffe3547a000 	C:\WINDOWS\SYSTEM32\VERSION.dll
0x00007ffe3bc10000 - 0x00007ffe3bc7b000 	C:\WINDOWS\system32\WS2_32.dll
0x00007ffe36900000 - 0x00007ffe3692c000 	C:\WINDOWS\SYSTEM32\WINMMBASE.dll
0x00007ffe38f80000 - 0x00007ffe38fc3000 	C:\WINDOWS\system32\cfgmgr32.dll
0x000000006da30000 - 0x000000006da3f000 	C:\Program Files\Java\jdk1.8.0_65\jre\bin\verify.dll
0x000000006da00000 - 0x000000006da29000 	C:\Program Files\Java\jdk1.8.0_65\jre\bin\java.dll
0x000000006d9e0000 - 0x000000006d9f6000 	C:\Program Files\Java\jdk1.8.0_65\jre\bin\zip.dll
0x00007ffe3a550000 - 0x00007ffe3baac000 	C:\WINDOWS\system32\SHELL32.dll
0x00007ffe39030000 - 0x00007ffe39675000 	C:\WINDOWS\system32\windows.storage.dll
0x00007ffe39c60000 - 0x00007ffe39cb2000 	C:\WINDOWS\system32\shlwapi.dll
0x00007ffe38da0000 - 0x00007ffe38daf000 	C:\WINDOWS\system32\kernel.appcore.dll
0x00007ffe38ec0000 - 0x00007ffe38f75000 	C:\WINDOWS\system32\shcore.dll
0x00007ffe38d50000 - 0x00007ffe38d9b000 	C:\WINDOWS\system32\powrprof.dll
0x00007ffe38d30000 - 0x00007ffe38d44000 	C:\WINDOWS\system32\profapi.dll
0x00007ffe13160000 - 0x00007ffe1324f000 	C:\Program Files\Java\jdk1.8.0_65\jre\bin\msvcr120.dll
0x00007ffe16180000 - 0x00007ffe16226000 	C:\Program Files\Java\jdk1.8.0_65\jre\bin\msvcp120.dll
0x000000006eb60000 - 0x000000006eb83000 	C:\Program Files\Java\jdk1.8.0_65\jre\bin\prism_d3d.dll
0x00007ffe0b770000 - 0x00007ffe0b980000 	C:\WINDOWS\system32\d3d9.dll
0x00007ffe36880000 - 0x00007ffe368a2000 	C:\WINDOWS\SYSTEM32\dwmapi.dll
0x00007ffe37660000 - 0x00007ffe376f6000 	C:\WINDOWS\system32\uxtheme.dll
0x00007ffe074b0000 - 0x00007ffe09569000 	C:\WINDOWS\SYSTEM32\igdumdim64.dll
0x00007ffe3c120000 - 0x00007ffe3c549000 	C:\WINDOWS\system32\SETUPAPI.dll
0x00007ffe3a050000 - 0x00007ffe3a111000 	C:\WINDOWS\system32\OLEAUT32.dll
0x00007ffe39b10000 - 0x00007ffe39c53000 	C:\WINDOWS\system32\ole32.dll
0x000000006eb10000 - 0x000000006eb53000 	C:\Program Files\Java\jdk1.8.0_65\jre\bin\glass.dll
0x00007ffe3a180000 - 0x00007ffe3a28b000 	C:\WINDOWS\system32\COMDLG32.dll
0x00007ffe38e30000 - 0x00007ffe38eb6000 	C:\WINDOWS\system32\FirewallAPI.dll
0x00007ffe39680000 - 0x00007ffe39697000 	C:\WINDOWS\system32\NETAPI32.dll
0x00007ffe35130000 - 0x00007ffe3513c000 	C:\WINDOWS\SYSTEM32\DAVHLPR.DLL
0x00007ffe378b0000 - 0x00007ffe378e2000 	C:\WINDOWS\SYSTEM32\fwbase.dll
0x00007ffe3bab0000 - 0x00007ffe3bc0a000 	C:\WINDOWS\system32\MSCTF.dll
0x00007ffe2ac50000 - 0x00007ffe2b66f000 	C:\WINDOWS\SYSTEM32\igdusc64.dll
0x000000006d9c0000 - 0x000000006d9da000 	C:\Program Files\Java\jdk1.8.0_65\jre\bin\net.dll
0x00007ffe38660000 - 0x00007ffe386bc000 	C:\WINDOWS\system32\mswsock.dll
0x00007ffe37480000 - 0x00007ffe3752a000 	C:\WINDOWS\SYSTEM32\DNSAPI.dll
0x00007ffe3bf10000 - 0x00007ffe3bf18000 	C:\WINDOWS\system32\NSI.dll
0x00007ffe2f900000 - 0x00007ffe2f90a000 	C:\Windows\System32\rasadhlp.dll
0x00007ffe32310000 - 0x00007ffe32377000 	C:\WINDOWS\System32\fwpuclnt.dll
0x00007ffe38930000 - 0x00007ffe38959000 	C:\WINDOWS\SYSTEM32\bcrypt.dll
0x000000006aaa0000 - 0x000000006d02d000 	C:\Program Files\Java\jdk1.8.0_65\jre\bin\jfxwebkit.dll
0x00007ffe38710000 - 0x00007ffe38727000 	C:\WINDOWS\SYSTEM32\CRYPTSP.dll
0x00007ffe383a0000 - 0x00007ffe383d4000 	C:\WINDOWS\system32\rsaenh.dll
0x00007ffe38830000 - 0x00007ffe3883b000 	C:\WINDOWS\SYSTEM32\CRYPTBASE.dll
0x000000006d9a0000 - 0x000000006d9b1000 	C:\Program Files\Java\jdk1.8.0_65\jre\bin\nio.dll
0x000000006eaf0000 - 0x000000006eb04000 	C:\Program Files\Java\jdk1.8.0_65\jre\bin\javafx_font.dll
0x00007ffe2bb70000 - 0x00007ffe2bdd0000 	C:\WINDOWS\SYSTEM32\dwrite.dll
0x000000006eb90000 - 0x000000006ebb4000 	C:\Program Files\Java\jdk1.8.0_65\jre\bin\sunec.dll
0x00007ffe3a4a0000 - 0x00007ffe3a547000 	C:\WINDOWS\system32\clbcatq.dll
0x00007ffe32870000 - 0x00007ffe32a21000 	C:\WINDOWS\SYSTEM32\WindowsCodecs.dll
0x00007ffe22de0000 - 0x00007ffe22e2a000 	C:\WINDOWS\system32\dataexchange.dll
0x00007ffe345a0000 - 0x00007ffe34848000 	C:\WINDOWS\system32\d3d11.dll
0x00007ffe370f0000 - 0x00007ffe371d3000 	C:\WINDOWS\system32\dcomp.dll
0x00007ffe35080000 - 0x00007ffe35122000 	C:\WINDOWS\system32\dxgi.dll
0x00007ffe37560000 - 0x00007ffe37660000 	C:\WINDOWS\system32\twinapi.appcore.dll
0x00007ffe24120000 - 0x00007ffe24154000 	C:\Program Files\Common Files\Microsoft Shared\Ink\rtscom.dll
0x00007ffe384f0000 - 0x00007ffe3850f000 	C:\WINDOWS\SYSTEM32\USERENV.dll
0x00007ffe357b0000 - 0x00007ffe357e8000 	C:\WINDOWS\SYSTEM32\IPHLPAPI.DLL
0x00007ffe35790000 - 0x00007ffe357a6000 	C:\WINDOWS\SYSTEM32\dhcpcsvc6.DLL
0x00007ffe35770000 - 0x00007ffe3578a000 	C:\WINDOWS\SYSTEM32\dhcpcsvc.DLL
0x00007ffe2a9e0000 - 0x00007ffe2a9f6000 	C:\WINDOWS\system32\napinsp.dll
0x00007ffe2aa00000 - 0x00007ffe2aa1a000 	C:\WINDOWS\system32\pnrpnsp.dll
0x00007ffe367e0000 - 0x00007ffe367f8000 	C:\WINDOWS\system32\NLAapi.dll
0x00007ffe2cb80000 - 0x00007ffe2cb8d000 	C:\WINDOWS\System32\winrnr.dll
0x00007ffe2cba0000 - 0x00007ffe2cbb5000 	C:\WINDOWS\System32\wshbth.dll
0x000000006ead0000 - 0x000000006eae1000 	C:\Program Files\Java\jdk1.8.0_65\jre\bin\prism_common.dll
0x00007ffe37e50000 - 0x00007ffe37ea0000 	C:\WINDOWS\SYSTEM32\edputil.dll
0x00007ffe0c240000 - 0x00007ffe0c3cc000 	C:\WINDOWS\SYSTEM32\dbghelp.dll

VM Arguments:
jvm_args: -Dfile.encoding=UTF-8 
java_command: tunisiamall.main.Authentification
java_class_path (initial): C:\Users\mrt\Documents\NetBeansProjects\Tunisia_Mall\src\tunisiamall\libs\mysql-connector-java-5.1.23-bin.jar;C:\Users\mrt\Documents\NetBeansProjects\Tunisia_Mall\src\tunisiamall\libs\javax.mail.jar;C:\Users\mrt\Documents\NetBeansProjects\Tunisia_Mall\src\tunisiamall\libs\restfb-1.19.0.jar;C:\Users\mrt\Documents\NetBeansProjects\Tunisia_Mall\build\classes
Launcher Type: SUN_STANDARD

Environment Variables:
PATH=C:\oraclexe\app\oracle\product\10.2.0\server\bin;C:\ProgramData\Oracle\Java\javapath;C:\Program Files (x86)\Lenovo\FusionEngine;C:\Program Files (x86)\Intel\iCLS Client\;C:\Program Files\Intel\iCLS Client\;C:\WINDOWS\system32;C:\WINDOWS;C:\WINDOWS\System32\Wbem;C:\WINDOWS\System32\WindowsPowerShell\v1.0\;C:\Program Files\Intel\Intel(R) Management Engine Components\DAL;C:\Program Files\Intel\Intel(R) Management Engine Components\IPT;C:\Program Files (x86)\Intel\Intel(R) Management Engine Components\DAL;C:\Program Files (x86)\Intel\Intel(R) Management Engine Components\IPT;C:\Program Files\Intel\WiFi\bin\;C:\Program Files\Common Files\Intel\WirelessCommon\;C:\Program Files (x86)\Lenovo\Motion Control\;C:\Program Files (x86)\Common Files\lenovo\easyplussdk\bin;C:\Program Files (x86)\NVIDIA Corporation\PhysX\Common;C:\WINDOWS\system32;C:\WINDOWS;C:\WINDOWS\System32\Wbem;C:\WINDOWS\System32\WindowsPowerShell\v1.0\;C:\Program Files (x86)\Skype\Phone\
USERNAME=ACER
OS=Windows_NT
PROCESSOR_IDENTIFIER=Intel64 Family 6 Model 60 Stepping 3, GenuineIntel



---------------  S Y S T E M  ---------------

OS: Windows 10.0 , 64 bit Build 10586 (10.0.10586.0)

CPU:total 8 (4 cores per cpu, 2 threads per core) family 6 model 60 stepping 3, cmov, cx8, fxsr, mmx, sse, sse2, sse3, ssse3, sse4.1, sse4.2, popcnt, avx, avx2, aes, clmul, erms, lzcnt, ht, tsc, tscinvbit, bmi1, bmi2

Memory: 4k page, physical 16687384k(10978576k free), swap 19177752k(11102344k free)

vm_info: Java HotSpot(TM) 64-Bit Server VM (25.65-b01) for windows-amd64 JRE (1.8.0_65-b17), built on Oct  6 2015 16:39:20 by "java_re" with MS VC++ 10.0 (VS2010)

time: Mon Feb 22 13:15:49 2016
elapsed time: 39 seconds (0d 0h 0m 39s)

